<?xml version="1.0" encoding="UTF-8"?>
<!-- Generated by org.testng.reporters.JUnitXMLReporter -->
<testsuite ignored="0" hostname="osama" failures="0" tests="5" name="Default test" time="214.8" errors="0" timestamp="17 Jan 2019 01:56:45 GMT">
  <testcase classname="demo.VodaSWDTTask.Task" name="loginFirstMail" time="41.892"/>
  <testcase classname="demo.VodaSWDTTask.Task" name="sendMail" time="52.174"/>
  <testcase classname="demo.VodaSWDTTask.Task" name="logOut" time="38.976"/>
  <testcase classname="demo.VodaSWDTTask.Task" name="loginSecondMail" time="49.758"/>
  <testcase classname="demo.VodaSWDTTask.Task" name="receivedMail" time="12.817"/>
</testsuite> <!-- Default test -->
