<?xml version="1.0" encoding="UTF-8"?>
<testng-results ignored="0" total="5" passed="5" failed="0" skipped="0">
  <reporter-output>
  </reporter-output>
  <suite started-at="2019-01-17T01:53:10Z" name="Default suite" finished-at="2019-01-17T01:56:45Z" duration-ms="214800">
    <groups>
    </groups>
    <test started-at="2019-01-17T01:53:10Z" name="Default test" finished-at="2019-01-17T01:56:45Z" duration-ms="214800">
      <class name="demo.VodaSWDTTask.Task">
        <test-method is-config="true" signature="openURL()[pri:0, instance:demo.VodaSWDTTask.Task@710f4dc7]" started-at="2019-01-17T01:53:10Z" name="openURL" finished-at="2019-01-17T01:53:29Z" duration-ms="18855" status="PASS">
          <reporter-output>
          </reporter-output>
        </test-method> <!-- openURL -->
        <test-method signature="loginFirstMail()[pri:1, instance:demo.VodaSWDTTask.Task@710f4dc7]" started-at="2019-01-17T01:53:29Z" name="loginFirstMail" finished-at="2019-01-17T01:54:11Z" duration-ms="41892" status="PASS">
          <reporter-output>
          </reporter-output>
        </test-method> <!-- loginFirstMail -->
        <test-method signature="sendMail()[pri:2, instance:demo.VodaSWDTTask.Task@710f4dc7]" started-at="2019-01-17T01:54:11Z" name="sendMail" finished-at="2019-01-17T01:55:03Z" duration-ms="52174" status="PASS">
          <reporter-output>
          </reporter-output>
        </test-method> <!-- sendMail -->
        <test-method signature="logOut()[pri:3, instance:demo.VodaSWDTTask.Task@710f4dc7]" started-at="2019-01-17T01:55:03Z" name="logOut" finished-at="2019-01-17T01:55:42Z" duration-ms="38976" status="PASS">
          <reporter-output>
          </reporter-output>
        </test-method> <!-- logOut -->
        <test-method signature="loginSecondMail()[pri:4, instance:demo.VodaSWDTTask.Task@710f4dc7]" started-at="2019-01-17T01:55:42Z" name="loginSecondMail" finished-at="2019-01-17T01:56:32Z" duration-ms="49758" status="PASS">
          <reporter-output>
          </reporter-output>
        </test-method> <!-- loginSecondMail -->
        <test-method signature="receivedMail()[pri:5, instance:demo.VodaSWDTTask.Task@710f4dc7]" started-at="2019-01-17T01:56:32Z" name="receivedMail" finished-at="2019-01-17T01:56:45Z" duration-ms="12817" status="PASS">
          <reporter-output>
          </reporter-output>
        </test-method> <!-- receivedMail -->
        <test-method is-config="true" signature="tearDown()[pri:0, instance:demo.VodaSWDTTask.Task@710f4dc7]" started-at="2019-01-17T01:56:45Z" name="tearDown" finished-at="2019-01-17T01:56:45Z" duration-ms="197" status="PASS">
          <reporter-output>
          </reporter-output>
        </test-method> <!-- tearDown -->
      </class> <!-- demo.VodaSWDTTask.Task -->
    </test> <!-- Default test -->
  </suite> <!-- Default suite -->
</testng-results>
